<?xml version="1.0" encoding="UTF-8"?>
<!-- Generated by org.testng.reporters.JUnitReportReporter -->
<testsuite hostname="IN-MUM-PR-WK147" failures="0" tests="1" name="mavenTest.MavenDemo.Login" time="9.171" errors="0" timestamp="2024-03-27T19:18:49 IST" skipped="0">
  <testcase classname="mavenTest.MavenDemo.Login" name="LoginTest" time="9.171"/>
  <system-out/>
</testsuite> <!-- mavenTest.MavenDemo.Login -->
