<?xml version="1.0" encoding="UTF-8"?>
<!-- Generated by org.testng.reporters.JUnitReportReporter -->
<testsuite hostname="IN-MUM-PR-WK147" failures="0" tests="1" name="mavenTest.MavenDemo.Login" time="9.190" errors="0" timestamp="2024-03-28T15:28:59 IST" skipped="0">
  <testcase classname="mavenTest.MavenDemo.Login" name="LoginTest" time="9.190"/>
  <system-out/>
</testsuite> <!-- mavenTest.MavenDemo.Login -->
